<?xml version="1.0" encoding="UTF-8"?>
<!-- Generated by org.testng.reporters.JUnitReportReporter -->
<testsuite skipped="0" hostname="LAPTOP-2FD2RQ3C" name="com.ethnicstore.tests.ES_HomePageTests" tests="3" failures="0" timestamp="10 Oct 2018 18:57:28 GMT" time="56.677" errors="0">
  <testcase name="createAccountLinkTest" time="19.940" classname="com.ethnicstore.tests.ES_HomePageTests"/>
  <testcase name="titleTest" time="17.738" classname="com.ethnicstore.tests.ES_HomePageTests"/>
  <testcase name="homePageLogoTest" time="18.999" classname="com.ethnicstore.tests.ES_HomePageTests"/>
</testsuite> <!-- com.ethnicstore.tests.ES_HomePageTests -->
