<?xml version="1.0" encoding="UTF-8"?>
<!-- Generated by org.testng.reporters.JUnitReportReporter -->
<testsuite skipped="0" hostname="LAPTOP-2FD2RQ3C" name="com.ethnicstore.tests.ES_LoginPageTests" tests="3" failures="0" timestamp="10 Oct 2018 18:57:28 GMT" time="111.328" errors="0">
  <testcase name="validateLoginTest" time="32.553" classname="com.ethnicstore.tests.ES_LoginPageTests"/>
  <testcase name="validateLoginpageTitleTest" time="33.133" classname="com.ethnicstore.tests.ES_LoginPageTests"/>
  <testcase name="validateLoginTest" time="45.642" classname="com.ethnicstore.tests.ES_LoginPageTests"/>
</testsuite> <!-- com.ethnicstore.tests.ES_LoginPageTests -->
