<?xml version="1.0" encoding="UTF-8"?>
<!-- Generated by org.testng.reporters.JUnitReportReporter -->
<testsuite skipped="0" hostname="LAPTOP-2FD2RQ3C" name="com.ethnicstore.tests.ES_UserProfilePageTests" tests="5" failures="0" timestamp="10 Oct 2018 18:57:28 GMT" time="267.122" errors="0">
  <testcase name="validatePlaceorderTest" time="50.769" classname="com.ethnicstore.tests.ES_UserProfilePageTests"/>
  <testcase name="validateRemovecartTest" time="61.470" classname="com.ethnicstore.tests.ES_UserProfilePageTests"/>
  <testcase name="validateUpdateitemcartTest" time="58.945" classname="com.ethnicstore.tests.ES_UserProfilePageTests"/>
  <testcase name="validateAddingItemtoCartTest" time="53.724" classname="com.ethnicstore.tests.ES_UserProfilePageTests"/>
  <testcase name="validateLogoffTest" time="42.214" classname="com.ethnicstore.tests.ES_UserProfilePageTests"/>
</testsuite> <!-- com.ethnicstore.tests.ES_UserProfilePageTests -->
