<?xml version="1.0" encoding="UTF-8"?>
<!-- Generated by org.testng.reporters.JUnitReportReporter -->
<testsuite skipped="0" hostname="LAPTOP-2FD2RQ3C" name="com.ethnicstore.tests.ES_CreateAccountPageTests" tests="3" failures="0" timestamp="10 Oct 2018 18:57:28 GMT" time="64.456" errors="0">
  <testcase name="validateCreateAccountTest" time="20.951" classname="com.ethnicstore.tests.ES_CreateAccountPageTests"/>
  <testcase name="validateCreateAccountTest" time="23.126" classname="com.ethnicstore.tests.ES_CreateAccountPageTests"/>
  <testcase name="validateCreateAccountTest" time="20.379" classname="com.ethnicstore.tests.ES_CreateAccountPageTests"/>
</testsuite> <!-- com.ethnicstore.tests.ES_CreateAccountPageTests -->
